<?xml version="1.0" encoding="UTF-8"?>
<!-- Generated by org.testng.reporters.JUnitReportReporter -->
<testsuite hostname="Raghavendra" failures="0" tests="3" name="Automation.Test2" time="0.024" errors="0" timestamp="24 Feb 2021 13:39:11 GMT" skipped="0">
  <testcase classname="Automation.Test2" name="Func2" time="0.010"/>
  <testcase classname="Automation.Test2" name="Func" time="0.008"/>
  <testcase classname="Automation.Test2" name="Func3" time="0.006"/>
</testsuite> <!-- Automation.Test2 -->
