<?xml version="1.0" encoding="UTF-8"?>
<!-- Generated by org.testng.reporters.JUnitReportReporter -->
<testsuite hostname="Raghavendra" failures="0" tests="3" name="Automation.Test1" time="0.027" errors="0" timestamp="24 Feb 2021 13:39:11 GMT" skipped="0">
  <testcase classname="Automation.Test1" name="Func2" time="0.004"/>
  <testcase classname="Automation.Test1" name="Func" time="0.015"/>
  <testcase classname="Automation.Test1" name="Func3" time="0.008"/>
</testsuite> <!-- Automation.Test1 -->
